optseq2
$Id: optseq2.c,v 2.21.2.1 2011/04/21 19:50:06 greve Exp $
NoSearch  = 0
nSearch  = 1000000
nKeep    = 160
PctUpdate  = 10.000000
nCB1Opt  = 0
seed     = 327942
Ntp  = 293
TR   = 1
TPreScan   = 0
PSD Window   = 0 21 1
nEvTypes = 1
EvNo    Label Duration nRepsNom
 1       evt1  2.000   50
PctVarEvReps = 0
VarEvRepsPerCond = 0
PolyOrder = 2
tNullMax = 12
tNullMin = 1
AR1 = 0
No refractory penalty
Cost = eff
OutStem = clock_t293_p55
Summary File = summary_t293_p55.log




Searched 1000000 iterations for 0.145556 hours
Rate: 1908.4 iterations per second
Number of iterations since last substitution 277
Cost Avg/Std: 0.4181435 0.6189584
Max Eff Encountered:    1.56988
Max VRFAvg Encountered: 33.0016
Eff of Nominal Ideal XtX: 1.97572

Rank     Cost   ZCost NthIter  Eff   CB1Err   VRFAvg VRFStd VRFMin VRFMax VRFRng IXtXErr  
  1    1.5699   1.861 23963   1.570 0.020000  33.00   1.12  32.30  36.08   3.79   936.00
  2    1.5660   1.854 549928   1.566 0.020000  32.92   1.06  32.15  36.01   3.85   1044.00
  3    1.5651   1.853 184718   1.565 0.020000  32.90   1.06  32.18  36.45   4.27   941.00
  4    1.5645   1.852 654817   1.565 0.020000  32.89   1.15  31.94  36.21   4.27   900.00
  5    1.5641   1.851 735433   1.564 0.020000  32.87   0.98  32.09  36.09   4.00   1087.00
  6    1.5641   1.851 240869   1.564 0.020000  32.88   1.13  32.08  36.24   4.16   980.00
  7    1.5638   1.851 776192   1.564 0.020000  32.87   1.09  31.92  36.01   4.09   854.00
  8    1.5638   1.851 47341   1.564 0.020000  32.87   1.01  32.28  35.86   3.59   1032.00
  9    1.5632   1.850 872583   1.563 0.020000  32.87   1.19  32.15  36.06   3.91   990.00
 10    1.5630   1.850 955889   1.563 0.020000  32.86   1.11  32.07  36.16   4.10   815.00
 11    1.5624   1.849 268122   1.562 0.020000  32.85   1.21  32.02  36.23   4.20   870.00
 12    1.5604   1.845 685101   1.560 0.020000  32.80   1.02  32.09  35.93   3.84   980.00
 13    1.5603   1.845 981886   1.560 0.020000  32.79   1.01  31.99  35.94   3.94   940.00
 14    1.5602   1.845 354777   1.560 0.020000  32.79   1.04  31.90  36.04   4.14   1017.00
 15    1.5600   1.845 159418   1.560 0.020000  32.78   0.87  32.13  35.55   3.43   1028.00
 16    1.5600   1.845 824004   1.560 0.020000  32.79   1.05  31.93  36.28   4.35   762.00
 17    1.5600   1.845 702608   1.560 0.020000  32.78   0.96  32.21  35.80   3.59   1206.00
 18    1.5596   1.844 43851   1.560 0.020000  32.78   1.08  32.00  36.18   4.18   853.00
 19    1.5595   1.844 421002   1.559 0.020000  32.78   1.04  32.03  35.89   3.86   1117.00
 20    1.5592   1.844 344363   1.559 0.020000  32.78   1.12  32.03  36.30   4.26   837.00
 21    1.5590   1.843 211477   1.559 0.020000  32.77   1.01  32.07  35.89   3.81   1061.00
 22    1.5588   1.843 47266   1.559 0.020000  32.76   0.97  32.06  35.91   3.84   1103.00
 23    1.5588   1.843 700277   1.559 0.020000  32.76   0.89  32.03  35.40   3.37   962.00
 24    1.5587   1.843 132131   1.559 0.020000  32.77   1.17  31.72  36.06   4.33   1030.00
 25    1.5581   1.842 882371   1.558 0.020000  32.76   1.14  31.61  35.88   4.26   1097.00
 26    1.5580   1.842 870423   1.558 0.020000  32.76   1.20  31.86  36.38   4.52   720.00
 27    1.5578   1.841 343101   1.558 0.020000  32.76   1.25  31.79  36.49   4.70   987.00
 28    1.5575   1.841 978174   1.558 0.020000  32.75   1.17  31.99  36.09   4.10   894.00
 29    1.5574   1.841 808827   1.557 0.020000  32.74   1.03  32.02  35.64   3.62   1156.00
 30    1.5574   1.841 772823   1.557 0.020000  32.73   1.02  32.02  35.79   3.77   994.00
 31    1.5573   1.840 965572   1.557 0.020000  32.73   1.08  31.98  35.86   3.88   971.00
 32    1.5570   1.840 396899   1.557 0.020000  32.73   1.09  32.11  35.83   3.73   976.00
 33    1.5568   1.840 792769   1.557 0.020000  32.72   1.04  31.87  36.19   4.32   896.00
 34    1.5567   1.839 559977   1.557 0.020000  32.72   1.06  32.06  35.98   3.91   961.00
 35    1.5566   1.839 11249   1.557 0.020000  32.72   1.09  31.80  35.81   4.02   842.00
 36    1.5565   1.839 249248   1.557 0.020000  32.71   0.86  32.06  35.44   3.38   1117.00
 37    1.5563   1.839 954188   1.556 0.020000  32.72   1.11  31.88  35.84   3.96   992.00
 38    1.5562   1.839 324524   1.556 0.020000  32.71   1.02  31.88  35.52   3.64   1245.00
 39    1.5562   1.839 282073   1.556 0.020000  32.71   1.12  31.93  35.83   3.90   1001.00
 40    1.5562   1.839 335215   1.556 0.020000  32.71   1.08  31.87  35.86   3.99   977.00
 41    1.5562   1.839 735287   1.556 0.020000  32.70   0.86  32.11  35.66   3.55   919.00
 42    1.5561   1.838 66205   1.556 0.020000  32.71   1.10  31.90  35.75   3.85   1046.00
 43    1.5560   1.838 312648   1.556 0.020000  32.71   1.08  31.97  36.09   4.12   930.00
 44    1.5559   1.838 448604   1.556 0.020000  32.71   1.08  31.66  36.22   4.56   856.00
 45    1.5558   1.838 514859   1.556 0.020000  32.71   1.18  31.83  35.96   4.13   1074.00
 46    1.5556   1.838 818219   1.556 0.020000  32.70   1.15  31.92  36.23   4.31   930.00
 47    1.5556   1.838 663732   1.556 0.020000  32.70   1.14  31.84  36.22   4.37   790.00
 48    1.5556   1.838 545956   1.556 0.020000  32.70   1.04  31.65  35.98   4.34   914.00
 49    1.5555   1.838 480204   1.556 0.020000  32.70   1.08  32.03  35.80   3.77   1010.00
 50    1.5555   1.838 883314   1.556 0.020000  32.70   1.14  31.99  35.92   3.94   1080.00
 51    1.5554   1.837 188023   1.555 0.020000  32.70   1.09  31.80  35.63   3.84   809.00
 52    1.5554   1.837 784740   1.555 0.020000  32.69   0.95  32.00  35.64   3.64   1171.00
 53    1.5554   1.837 494727   1.555 0.020000  32.69   0.94  31.83  35.64   3.81   924.00
 54    1.5553   1.837 951462   1.555 0.020000  32.69   1.07  31.85  36.35   4.50   909.00
 55    1.5553   1.837 275602   1.555 0.020000  32.69   1.06  31.93  35.88   3.95   1166.00
 56    1.5552   1.837 999723   1.555 0.020000  32.69   1.13  31.84  36.18   4.34   892.00
 57    1.5551   1.837 787621   1.555 0.020000  32.69   1.06  31.74  35.75   4.01   1082.00
 58    1.5551   1.837 543237   1.555 0.020000  32.69   1.04  31.73  35.67   3.93   946.00
 59    1.5550   1.837 262649   1.555 0.020000  32.68   1.00  31.60  35.58   3.98   909.00
 60    1.5550   1.837 656781   1.555 0.020000  32.69   1.06  31.88  35.80   3.93   998.00
 61    1.5550   1.837 44886   1.555 0.020000  32.69   1.13  31.66  35.82   4.16   948.00
 62    1.5549   1.837 395454   1.555 0.020000  32.68   1.01  31.89  35.79   3.89   984.00
 63    1.5548   1.836 609089   1.555 0.020000  32.68   1.04  31.70  35.48   3.78   1128.00
 64    1.5547   1.836 268060   1.555 0.020000  32.68   1.03  32.01  35.57   3.56   1165.00
 65    1.5547   1.836 956285   1.555 0.020000  32.68   1.08  31.94  36.07   4.13   981.00
 66    1.5547   1.836 149149   1.555 0.020000  32.68   1.10  31.95  36.08   4.13   848.00
 67    1.5547   1.836 54946   1.555 0.020000  32.68   1.11  31.81  35.92   4.11   907.00
 68    1.5546   1.836 276707   1.555 0.020000  32.67   0.98  31.71  35.67   3.96   1018.00
 69    1.5546   1.836 884181   1.555 0.020000  32.68   1.17  31.84  36.30   4.46   823.00
 70    1.5546   1.836 800793   1.555 0.020000  32.68   1.17  31.74  36.19   4.45   1100.00
 71    1.5545   1.836 367897   1.555 0.020000  32.68   1.17  31.85  36.08   4.23   953.00
 72    1.5544   1.836 85011   1.554 0.020000  32.67   1.04  31.79  35.61   3.82   1136.00
 73    1.5544   1.836 845322   1.554 0.020000  32.66   0.74  31.66  34.84   3.19   1191.00
 74    1.5544   1.836 868381   1.554 0.020000  32.68   1.12  31.80  35.96   4.16   971.00
 75    1.5544   1.836 396697   1.554 0.020000  32.67   1.04  31.81  36.00   4.19   923.00
 76    1.5543   1.836 374372   1.554 0.020000  32.67   0.99  31.63  35.75   4.12   1158.00
 77    1.5543   1.836 263305   1.554 0.020000  32.67   1.02  31.58  36.06   4.48   1050.00
 78    1.5538   1.835 31008   1.554 0.020000  32.66   1.05  31.56  36.20   4.64   1065.00
 79    1.5538   1.835 151651   1.554 0.020000  32.66   1.13  31.59  36.22   4.63   1008.00
 80    1.5536   1.834 128521   1.554 0.020000  32.65   1.00  31.62  35.87   4.25   1062.00
 81    1.5536   1.834 950434   1.554 0.020000  32.66   1.15  31.72  36.08   4.35   1077.00
 82    1.5535   1.834 917270   1.554 0.020000  32.64   0.85  31.89  35.13   3.24   1061.00
 83    1.5534   1.834 373756   1.553 0.020000  32.66   1.11  31.79  36.14   4.34   1032.00
 84    1.5533   1.834 727658   1.553 0.020000  32.65   1.00  31.72  35.62   3.90   1021.00
 85    1.5533   1.834 947623   1.553 0.020000  32.66   1.17  31.90  36.18   4.28   890.00
 86    1.5533   1.834 721585   1.553 0.020000  32.65   0.99  31.90  35.66   3.75   1105.00
 87    1.5532   1.834 36191   1.553 0.020000  32.65   1.09  31.79  36.06   4.28   829.00
 88    1.5532   1.834 287944   1.553 0.020000  32.65   1.13  31.80  35.93   4.14   1034.00
 89    1.5532   1.834 497707   1.553 0.020000  32.64   0.95  32.03  35.83   3.80   1116.00
 90    1.5531   1.834 59387   1.553 0.020000  32.64   1.04  32.01  35.67   3.67   964.00
 91    1.5531   1.834 712530   1.553 0.020000  32.64   0.90  31.92  35.61   3.69   1056.00
 92    1.5531   1.834 46592   1.553 0.020000  32.64   0.98  31.87  35.74   3.87   1143.00
 93    1.5531   1.834 415421   1.553 0.020000  32.64   1.01  31.75  35.67   3.91   1074.00
 94    1.5530   1.834 88197   1.553 0.020000  32.64   0.99  31.75  35.61   3.86   952.00
 95    1.5530   1.834  7845   1.553 0.020000  32.65   1.17  31.67  36.12   4.44   882.00
 96    1.5530   1.834 125972   1.553 0.020000  32.64   1.03  31.79  35.82   4.02   860.00
 97    1.5529   1.833 234322   1.553 0.020000  32.64   0.96  31.78  35.78   4.00   1081.00
 98    1.5529   1.833 621180   1.553 0.020000  32.63   0.81  31.76  34.93   3.17   1141.00
 99    1.5527   1.833 652330   1.553 0.020000  32.64   1.06  31.86  35.75   3.89   884.00
100    1.5526   1.833 398246   1.553 0.020000  32.64   1.12  31.75  35.89   4.13   1081.00
101    1.5526   1.833 270570   1.553 0.020000  32.64   1.07  31.59  35.75   4.16   916.00
102    1.5525   1.833 413944   1.553 0.020000  32.64   1.11  31.80  36.12   4.32   1067.00
103    1.5525   1.833 794564   1.553 0.020000  32.63   1.08  31.76  35.89   4.13   806.00
104    1.5525   1.833 405775   1.552 0.020000  32.63   0.97  31.77  35.68   3.90   1078.00
105    1.5525   1.833 597298   1.552 0.020000  32.64   1.16  31.94  36.27   4.33   1034.00
106    1.5525   1.833 312407   1.552 0.020000  32.63   1.03  31.75  36.07   4.32   897.00
107    1.5524   1.833 915901   1.552 0.020000  32.63   0.99  31.77  35.71   3.94   1038.00
108    1.5523   1.832 880924   1.552 0.020000  32.63   1.12  31.76  36.18   4.42   807.00
109    1.5523   1.832 773399   1.552 0.020000  32.63   1.13  31.68  35.87   4.19   1003.00
110    1.5522   1.832 465144   1.552 0.020000  32.63   1.12  31.84  35.62   3.78   1017.00
111    1.5522   1.832 681379   1.552 0.020000  32.62   0.90  31.68  35.48   3.80   1029.00
112    1.5522   1.832 418301   1.552 0.020000  32.63   1.04  31.75  35.68   3.93   1066.00
113    1.5522   1.832 304294   1.552 0.020000  32.63   1.07  31.96  36.10   4.14   1152.00
114    1.5521   1.832 201158   1.552 0.020000  32.63   1.19  31.75  36.52   4.76   802.00
115    1.5521   1.832 423628   1.552 0.020000  32.63   1.10  31.85  36.18   4.33   922.00
116    1.5519   1.832 270245   1.552 0.020000  32.61   0.93  31.86  35.50   3.64   896.00
117    1.5519   1.832 253409   1.552 0.020000  32.62   0.97  31.37  35.78   4.41   914.00
118    1.5519   1.832 514691   1.552 0.020000  32.62   1.07  31.70  36.17   4.46   932.00
119    1.5519   1.832 708898   1.552 0.020000  32.62   1.13  31.69  36.02   4.33   857.00
120    1.5519   1.832 132578   1.552 0.020000  32.62   1.07  31.91  35.86   3.95   926.00
121    1.5518   1.832 232664   1.552 0.020000  32.63   1.18  31.74  36.11   4.37   745.00
122    1.5517   1.831 458032   1.552 0.020000  32.61   0.94  31.66  35.70   4.04   1147.00
123    1.5517   1.831 416516   1.552 0.020000  32.61   0.96  31.83  35.35   3.52   996.00
124    1.5516   1.831 887480   1.552 0.020000  32.61   1.03  31.66  35.87   4.21   967.00
125    1.5516   1.831 276060   1.552 0.020000  32.61   0.90  31.93  35.39   3.46   1112.00
126    1.5516   1.831 92221   1.552 0.020000  32.62   1.20  31.86  36.36   4.50   885.00
127    1.5515   1.831 853069   1.551 0.020000  32.61   1.07  31.74  35.90   4.16   1061.00
128    1.5514   1.831 992835   1.551 0.020000  32.60   0.90  31.61  35.50   3.90   974.00
129    1.5513   1.831 447904   1.551 0.020000  32.62   1.19  31.87  36.31   4.44   830.00
130    1.5513   1.831 746385   1.551 0.020000  32.61   1.15  31.65  36.16   4.51   982.00
131    1.5513   1.831 121718   1.551 0.020000  32.61   1.01  31.60  35.58   3.98   971.00
132    1.5512   1.831 425454   1.551 0.020000  32.61   1.06  31.46  35.54   4.09   914.00
133    1.5511   1.830 556186   1.551 0.020000  32.60   1.00  31.75  35.51   3.76   916.00
134    1.5511   1.830 861587   1.551 0.020000  32.60   1.07  31.84  35.76   3.93   1052.00
135    1.5509   1.830 124630   1.551 0.020000  32.59   0.79  31.37  34.98   3.60   1142.00
136    1.5509   1.830 182215   1.551 0.020000  32.60   1.10  31.60  35.92   4.32   889.00
137    1.5509   1.830 936802   1.551 0.020000  32.60   1.09  31.55  36.02   4.47   1014.00
138    1.5509   1.830 668240   1.551 0.020000  32.60   1.10  31.43  36.21   4.78   928.00
139    1.5508   1.830 323619   1.551 0.020000  32.60   1.13  31.98  35.79   3.81   957.00
140    1.5508   1.830 272403   1.551 0.020000  32.59   0.95  31.69  35.56   3.87   1142.00
141    1.5508   1.830 896127   1.551 0.020000  32.60   1.12  31.66  36.12   4.46   970.00
142    1.5508   1.830 659629   1.551 0.020000  32.60   1.07  31.61  36.27   4.66   889.00
143    1.5507   1.830 157910   1.551 0.020000  32.60   1.11  31.88  35.88   4.01   1208.00
144    1.5507   1.830 939887   1.551 0.020000  32.60   1.09  31.80  36.00   4.21   851.00
145    1.5507   1.830 55848   1.551 0.020000  32.60   1.08  31.85  35.81   3.96   1256.00
146    1.5507   1.830 725306   1.551 0.020000  32.59   0.95  31.58  35.27   3.68   1106.00
147    1.5507   1.830 450014   1.551 0.020000  32.60   1.16  31.78  36.18   4.40   1015.00
148    1.5507   1.830 799439   1.551 0.020000  32.59   1.01  31.89  35.96   4.07   902.00
149    1.5507   1.830 386390   1.551 0.020000  32.60   1.15  31.72  35.96   4.24   1011.00
150    1.5506   1.830 498295   1.551 0.020000  32.60   1.23  31.72  36.41   4.69   1040.00
151    1.5506   1.830 955549   1.551 0.020000  32.60   1.11  31.44  36.00   4.57   808.00
152    1.5506   1.830 623739   1.551 0.020000  32.59   0.94  31.91  35.61   3.70   890.00
153    1.5506   1.830 799903   1.551 0.020000  32.60   1.14  31.75  36.13   4.38   912.00
154    1.5506   1.830 46760   1.551 0.020000  32.59   0.97  31.53  35.24   3.71   1112.00
155    1.5505   1.829 436074   1.550 0.020000  32.59   1.12  31.48  35.75   4.26   988.00
156    1.5505   1.829 737302   1.550 0.020000  32.60   1.19  31.10  36.37   5.27   863.00
157    1.5505   1.829 88517   1.550 0.020000  32.59   1.09  31.71  36.16   4.45   1061.00
158    1.5504   1.829 883477   1.550 0.020000  32.59   0.99  31.54  35.58   4.04   1040.00
159    1.5504   1.829 338823   1.550 0.020000  32.60   1.22  31.87  35.94   4.07   943.00
160    1.5504   1.829 846563   1.550 0.020000  32.59   1.07  31.73  35.61   3.87   982.00

Ideal CB1 PMtx--------------------------
 1.000;
Schedule 1 CB1 PMtx--------------------------
 0.980;
Schedule 2 CB1 PMtx--------------------------
 0.980;
Schedule 3 CB1 PMtx--------------------------
 0.980;
Schedule 4 CB1 PMtx--------------------------
 0.980;
Schedule 5 CB1 PMtx--------------------------
 0.980;
Schedule 6 CB1 PMtx--------------------------
 0.980;
Schedule 7 CB1 PMtx--------------------------
 0.980;
Schedule 8 CB1 PMtx--------------------------
 0.980;
Schedule 9 CB1 PMtx--------------------------
 0.980;
Schedule 10 CB1 PMtx--------------------------
 0.980;
Schedule 11 CB1 PMtx--------------------------
 0.980;
Schedule 12 CB1 PMtx--------------------------
 0.980;
Schedule 13 CB1 PMtx--------------------------
 0.980;
Schedule 14 CB1 PMtx--------------------------
 0.980;
Schedule 15 CB1 PMtx--------------------------
 0.980;
Schedule 16 CB1 PMtx--------------------------
 0.980;
Schedule 17 CB1 PMtx--------------------------
 0.980;
Schedule 18 CB1 PMtx--------------------------
 0.980;
Schedule 19 CB1 PMtx--------------------------
 0.980;
Schedule 20 CB1 PMtx--------------------------
 0.980;
Schedule 21 CB1 PMtx--------------------------
 0.980;
Schedule 22 CB1 PMtx--------------------------
 0.980;
Schedule 23 CB1 PMtx--------------------------
 0.980;
Schedule 24 CB1 PMtx--------------------------
 0.980;
Schedule 25 CB1 PMtx--------------------------
 0.980;
Schedule 26 CB1 PMtx--------------------------
 0.980;
Schedule 27 CB1 PMtx--------------------------
 0.980;
Schedule 28 CB1 PMtx--------------------------
 0.980;
Schedule 29 CB1 PMtx--------------------------
 0.980;
Schedule 30 CB1 PMtx--------------------------
 0.980;
Schedule 31 CB1 PMtx--------------------------
 0.980;
Schedule 32 CB1 PMtx--------------------------
 0.980;
Schedule 33 CB1 PMtx--------------------------
 0.980;
Schedule 34 CB1 PMtx--------------------------
 0.980;
Schedule 35 CB1 PMtx--------------------------
 0.980;
Schedule 36 CB1 PMtx--------------------------
 0.980;
Schedule 37 CB1 PMtx--------------------------
 0.980;
Schedule 38 CB1 PMtx--------------------------
 0.980;
Schedule 39 CB1 PMtx--------------------------
 0.980;
Schedule 40 CB1 PMtx--------------------------
 0.980;
Schedule 41 CB1 PMtx--------------------------
 0.980;
Schedule 42 CB1 PMtx--------------------------
 0.980;
Schedule 43 CB1 PMtx--------------------------
 0.980;
Schedule 44 CB1 PMtx--------------------------
 0.980;
Schedule 45 CB1 PMtx--------------------------
 0.980;
Schedule 46 CB1 PMtx--------------------------
 0.980;
Schedule 47 CB1 PMtx--------------------------
 0.980;
Schedule 48 CB1 PMtx--------------------------
 0.980;
Schedule 49 CB1 PMtx--------------------------
 0.980;
Schedule 50 CB1 PMtx--------------------------
 0.980;
Schedule 51 CB1 PMtx--------------------------
 0.980;
Schedule 52 CB1 PMtx--------------------------
 0.980;
Schedule 53 CB1 PMtx--------------------------
 0.980;
Schedule 54 CB1 PMtx--------------------------
 0.980;
Schedule 55 CB1 PMtx--------------------------
 0.980;
Schedule 56 CB1 PMtx--------------------------
 0.980;
Schedule 57 CB1 PMtx--------------------------
 0.980;
Schedule 58 CB1 PMtx--------------------------
 0.980;
Schedule 59 CB1 PMtx--------------------------
 0.980;
Schedule 60 CB1 PMtx--------------------------
 0.980;
Schedule 61 CB1 PMtx--------------------------
 0.980;
Schedule 62 CB1 PMtx--------------------------
 0.980;
Schedule 63 CB1 PMtx--------------------------
 0.980;
Schedule 64 CB1 PMtx--------------------------
 0.980;
Schedule 65 CB1 PMtx--------------------------
 0.980;
Schedule 66 CB1 PMtx--------------------------
 0.980;
Schedule 67 CB1 PMtx--------------------------
 0.980;
Schedule 68 CB1 PMtx--------------------------
 0.980;
Schedule 69 CB1 PMtx--------------------------
 0.980;
Schedule 70 CB1 PMtx--------------------------
 0.980;
Schedule 71 CB1 PMtx--------------------------
 0.980;
Schedule 72 CB1 PMtx--------------------------
 0.980;
Schedule 73 CB1 PMtx--------------------------
 0.980;
Schedule 74 CB1 PMtx--------------------------
 0.980;
Schedule 75 CB1 PMtx--------------------------
 0.980;
Schedule 76 CB1 PMtx--------------------------
 0.980;
Schedule 77 CB1 PMtx--------------------------
 0.980;
Schedule 78 CB1 PMtx--------------------------
 0.980;
Schedule 79 CB1 PMtx--------------------------
 0.980;
Schedule 80 CB1 PMtx--------------------------
 0.980;
Schedule 81 CB1 PMtx--------------------------
 0.980;
Schedule 82 CB1 PMtx--------------------------
 0.980;
Schedule 83 CB1 PMtx--------------------------
 0.980;
Schedule 84 CB1 PMtx--------------------------
 0.980;
Schedule 85 CB1 PMtx--------------------------
 0.980;
Schedule 86 CB1 PMtx--------------------------
 0.980;
Schedule 87 CB1 PMtx--------------------------
 0.980;
Schedule 88 CB1 PMtx--------------------------
 0.980;
Schedule 89 CB1 PMtx--------------------------
 0.980;
Schedule 90 CB1 PMtx--------------------------
 0.980;
Schedule 91 CB1 PMtx--------------------------
 0.980;
Schedule 92 CB1 PMtx--------------------------
 0.980;
Schedule 93 CB1 PMtx--------------------------
 0.980;
Schedule 94 CB1 PMtx--------------------------
 0.980;
Schedule 95 CB1 PMtx--------------------------
 0.980;
Schedule 96 CB1 PMtx--------------------------
 0.980;
Schedule 97 CB1 PMtx--------------------------
 0.980;
Schedule 98 CB1 PMtx--------------------------
 0.980;
Schedule 99 CB1 PMtx--------------------------
 0.980;
Schedule 100 CB1 PMtx--------------------------
 0.980;
Schedule 101 CB1 PMtx--------------------------
 0.980;
Schedule 102 CB1 PMtx--------------------------
 0.980;
Schedule 103 CB1 PMtx--------------------------
 0.980;
Schedule 104 CB1 PMtx--------------------------
 0.980;
Schedule 105 CB1 PMtx--------------------------
 0.980;
Schedule 106 CB1 PMtx--------------------------
 0.980;
Schedule 107 CB1 PMtx--------------------------
 0.980;
Schedule 108 CB1 PMtx--------------------------
 0.980;
Schedule 109 CB1 PMtx--------------------------
 0.980;
Schedule 110 CB1 PMtx--------------------------
 0.980;
Schedule 111 CB1 PMtx--------------------------
 0.980;
Schedule 112 CB1 PMtx--------------------------
 0.980;
Schedule 113 CB1 PMtx--------------------------
 0.980;
Schedule 114 CB1 PMtx--------------------------
 0.980;
Schedule 115 CB1 PMtx--------------------------
 0.980;
Schedule 116 CB1 PMtx--------------------------
 0.980;
Schedule 117 CB1 PMtx--------------------------
 0.980;
Schedule 118 CB1 PMtx--------------------------
 0.980;
Schedule 119 CB1 PMtx--------------------------
 0.980;
Schedule 120 CB1 PMtx--------------------------
 0.980;
Schedule 121 CB1 PMtx--------------------------
 0.980;
Schedule 122 CB1 PMtx--------------------------
 0.980;
Schedule 123 CB1 PMtx--------------------------
 0.980;
Schedule 124 CB1 PMtx--------------------------
 0.980;
Schedule 125 CB1 PMtx--------------------------
 0.980;
Schedule 126 CB1 PMtx--------------------------
 0.980;
Schedule 127 CB1 PMtx--------------------------
 0.980;
Schedule 128 CB1 PMtx--------------------------
 0.980;
Schedule 129 CB1 PMtx--------------------------
 0.980;
Schedule 130 CB1 PMtx--------------------------
 0.980;
Schedule 131 CB1 PMtx--------------------------
 0.980;
Schedule 132 CB1 PMtx--------------------------
 0.980;
Schedule 133 CB1 PMtx--------------------------
 0.980;
Schedule 134 CB1 PMtx--------------------------
 0.980;
Schedule 135 CB1 PMtx--------------------------
 0.980;
Schedule 136 CB1 PMtx--------------------------
 0.980;
Schedule 137 CB1 PMtx--------------------------
 0.980;
Schedule 138 CB1 PMtx--------------------------
 0.980;
Schedule 139 CB1 PMtx--------------------------
 0.980;
Schedule 140 CB1 PMtx--------------------------
 0.980;
Schedule 141 CB1 PMtx--------------------------
 0.980;
Schedule 142 CB1 PMtx--------------------------
 0.980;
Schedule 143 CB1 PMtx--------------------------
 0.980;
Schedule 144 CB1 PMtx--------------------------
 0.980;
Schedule 145 CB1 PMtx--------------------------
 0.980;
Schedule 146 CB1 PMtx--------------------------
 0.980;
Schedule 147 CB1 PMtx--------------------------
 0.980;
Schedule 148 CB1 PMtx--------------------------
 0.980;
Schedule 149 CB1 PMtx--------------------------
 0.980;
Schedule 150 CB1 PMtx--------------------------
 0.980;
Schedule 151 CB1 PMtx--------------------------
 0.980;
Schedule 152 CB1 PMtx--------------------------
 0.980;
Schedule 153 CB1 PMtx--------------------------
 0.980;
Schedule 154 CB1 PMtx--------------------------
 0.980;
Schedule 155 CB1 PMtx--------------------------
 0.980;
Schedule 156 CB1 PMtx--------------------------
 0.980;
Schedule 157 CB1 PMtx--------------------------
 0.980;
Schedule 158 CB1 PMtx--------------------------
 0.980;
Schedule 159 CB1 PMtx--------------------------
 0.980;
Schedule 160 CB1 PMtx--------------------------
 0.980;
