optseq2
$Id: optseq2.c,v 2.21.2.1 2011/04/21 19:50:06 greve Exp $
NoSearch  = 0
nSearch  = 5000000
nKeep    = 320
PctUpdate  = 10.000000
nCB1Opt  = 0
seed     = 878415
Ntp  = 264
TR   = 1
TPreScan   = 0
PSD Window   = 0 21 1
nEvTypes = 1
EvNo    Label Duration nRepsNom
 1       evt1  2.000   50
PctVarEvReps = 0
VarEvRepsPerCond = 0
PolyOrder = 2
tNullMax = 11
tNullMin = 1
AR1 = 0
No refractory penalty
Cost = eff
OutStem = clock_t264_p38
Summary File = summary_t264_p38.log




Searched 5000000 iterations for 0.663056 hours
Rate: 2094.68 iterations per second
Number of iterations since last substitution 867
Cost Avg/Std: 0.4635479 0.5939355
Max Eff Encountered:    1.4246
Max VRFAvg Encountered: 29.9666
Eff of Nominal Ideal XtX: 1.88932

Rank     Cost   ZCost NthIter  Eff   CB1Err   VRFAvg VRFStd VRFMin VRFMax VRFRng IXtXErr  
  1    1.4246   1.618 859420   1.425 0.020000  29.97   1.31  28.90  34.17   5.27   1107.00
  2    1.4230   1.615 650060   1.423 0.020000  29.93   1.26  28.83  33.92   5.09   1180.00
  3    1.4229   1.615 3382870   1.423 0.020000  29.94   1.40  28.88  34.20   5.32   1094.00
  4    1.4227   1.615 4206602   1.423 0.020000  29.93   1.33  28.93  33.77   4.84   1020.00
  5    1.4223   1.614 1827215   1.422 0.020000  29.92   1.27  29.00  33.80   4.80   1042.00
  6    1.4222   1.614 2233232   1.422 0.020000  29.91   1.18  29.08  33.78   4.70   1200.00
  7    1.4217   1.613 3958953   1.422 0.020000  29.91   1.34  28.98  34.09   5.12   1081.00
  8    1.4217   1.613 4268359   1.422 0.020000  29.90   1.16  28.95  33.53   4.57   1215.00
  9    1.4212   1.612 1747230   1.421 0.020000  29.90   1.33  29.12  33.91   4.79   1014.00
 10    1.4212   1.612 3682167   1.421 0.020000  29.88   1.15  28.84  33.74   4.91   1217.00
 11    1.4210   1.612 4712529   1.421 0.020000  29.89   1.26  28.89  33.81   4.92   1120.00
 12    1.4209   1.612 1890226   1.421 0.020000  29.89   1.27  28.74  33.60   4.86   1097.00
 13    1.4208   1.612 2761880   1.421 0.020000  29.89   1.30  28.71  34.07   5.36   872.00
 14    1.4207   1.612 2481683   1.421 0.020000  29.89   1.31  28.81  33.97   5.16   1264.00
 15    1.4202   1.611 1146666   1.420 0.020000  29.87   1.29  28.97  33.50   4.53   1114.00
 16    1.4201   1.611 4609688   1.420 0.020000  29.88   1.34  28.77  33.74   4.97   1061.00
 17    1.4199   1.610 1015507   1.420 0.020000  29.87   1.32  28.88  33.78   4.90   1067.00
 18    1.4199   1.610 4299235   1.420 0.020000  29.86   1.22  29.06  33.63   4.57   1222.00
 19    1.4199   1.610 4570010   1.420 0.020000  29.86   1.23  29.09  33.73   4.64   1080.00
 20    1.4198   1.610 1636530   1.420 0.020000  29.86   1.29  28.46  33.60   5.14   909.00
 21    1.4197   1.610 745877   1.420 0.020000  29.87   1.42  28.88  34.17   5.30   870.00
 22    1.4196   1.610 1078865   1.420 0.020000  29.86   1.23  29.02  33.43   4.41   1204.00
 23    1.4195   1.610 1051752   1.420 0.020000  29.86   1.29  28.87  34.06   5.20   1050.00
 24    1.4193   1.609 4973604   1.419 0.020000  29.85   1.22  28.88  33.53   4.65   1227.00
 25    1.4193   1.609 3871689   1.419 0.020000  29.85   1.26  28.78  33.53   4.75   1331.00
 26    1.4192   1.609 4451510   1.419 0.020000  29.85   1.30  28.95  33.85   4.89   1018.00
 27    1.4191   1.609 2881251   1.419 0.020000  29.85   1.34  28.84  33.83   4.99   1201.00
 28    1.4191   1.609 4060837   1.419 0.020000  29.84   1.18  29.03  33.66   4.64   1043.00
 29    1.4191   1.609 3299443   1.419 0.020000  29.84   1.15  28.86  33.76   4.90   1049.00
 30    1.4190   1.609 3220742   1.419 0.020000  29.85   1.26  28.94  33.41   4.47   1135.00
 31    1.4189   1.608 1260289   1.419 0.020000  29.84   1.28  28.63  33.72   5.09   1078.00
 32    1.4188   1.608 2557074   1.419 0.020000  29.84   1.25  28.91  33.91   5.00   1140.00
 33    1.4186   1.608 3163902   1.419 0.020000  29.83   1.16  29.18  33.66   4.48   1059.00
 34    1.4185   1.608 2705463   1.418 0.020000  29.83   1.16  28.96  33.39   4.43   1260.00
 35    1.4184   1.608 4999133   1.418 0.020000  29.84   1.30  28.90  33.94   5.03   1100.00
 36    1.4182   1.607 103735   1.418 0.020000  29.82   1.19  28.73  33.63   4.91   1202.00
 37    1.4182   1.607 4720746   1.418 0.020000  29.83   1.22  28.89  33.67   4.77   867.00
 38    1.4182   1.607 3240622   1.418 0.020000  29.82   1.16  28.86  33.46   4.60   1182.00
 39    1.4182   1.607 3490538   1.418 0.020000  29.83   1.26  29.05  33.69   4.65   1305.00
 40    1.4182   1.607 3991887   1.418 0.020000  29.83   1.28  28.80  33.94   5.14   1072.00
 41    1.4180   1.607 542130   1.418 0.020000  29.82   1.13  28.93  33.07   4.14   1262.00
 42    1.4180   1.607 4406297   1.418 0.020000  29.83   1.32  29.09  33.76   4.67   1211.00
 43    1.4179   1.607 3172902   1.418 0.020000  29.84   1.48  28.62  33.86   5.24   822.00
 44    1.4179   1.607 2237783   1.418 0.020000  29.83   1.32  29.04  33.90   4.87   1120.00
 45    1.4178   1.607 4081741   1.418 0.020000  29.81   1.13  28.97  33.22   4.25   1118.00
 46    1.4178   1.607 176389   1.418 0.020000  29.81   1.16  29.13  33.58   4.46   1173.00
 47    1.4177   1.607 4061088   1.418 0.020000  29.83   1.41  29.00  34.24   5.24   960.00
 48    1.4177   1.607 4220976   1.418 0.020000  29.82   1.26  28.80  33.89   5.09   1187.00
 49    1.4176   1.606 3543166   1.418 0.020000  29.81   1.16  29.06  33.49   4.43   1071.00
 50    1.4176   1.606 397372   1.418 0.020000  29.82   1.31  28.97  33.62   4.65   1147.00
 51    1.4175   1.606 2622944   1.417 0.020000  29.81   1.24  28.92  33.84   4.92   1016.00
 52    1.4174   1.606 4327584   1.417 0.020000  29.81   1.27  28.84  33.63   4.78   977.00
 53    1.4173   1.606 4219108   1.417 0.020000  29.81   1.18  28.88  33.53   4.65   1060.00
 54    1.4173   1.606 4702703   1.417 0.020000  29.81   1.31  28.99  33.81   4.82   1142.00
 55    1.4172   1.606 2292241   1.417 0.020000  29.80   1.21  28.89  33.46   4.57   1151.00
 56    1.4172   1.606 2395350   1.417 0.020000  29.81   1.23  28.70  33.68   4.98   1096.00
 57    1.4171   1.606 4356381   1.417 0.020000  29.81   1.26  29.05  33.65   4.60   1232.00
 58    1.4171   1.605 1602355   1.417 0.020000  29.81   1.28  28.60  33.68   5.08   1064.00
 59    1.4170   1.605 4283855   1.417 0.020000  29.81   1.38  28.53  33.59   5.06   977.00
 60    1.4169   1.605 4043794   1.417 0.020000  29.81   1.33  28.67  33.73   5.05   1095.00
 61    1.4169   1.605 2347207   1.417 0.020000  29.80   1.28  28.97  33.85   4.87   971.00
 62    1.4168   1.605 4583307   1.417 0.020000  29.79   1.13  29.01  33.33   4.32   1208.00
 63    1.4167   1.605 1705782   1.417 0.020000  29.81   1.37  28.78  33.98   5.20   1137.00
 64    1.4167   1.605 1790809   1.417 0.020000  29.80   1.27  28.90  33.69   4.79   1056.00
 65    1.4166   1.605 4086654   1.417 0.020000  29.79   1.18  29.06  33.24   4.17   1063.00
 66    1.4166   1.605 2763727   1.417 0.020000  29.79   1.22  28.70  33.67   4.97   1099.00
 67    1.4166   1.605 3557310   1.417 0.020000  29.80   1.40  28.62  33.95   5.33   791.00
 68    1.4166   1.605 2930146   1.417 0.020000  29.80   1.29  28.79  33.68   4.90   1204.00
 69    1.4165   1.605 3679815   1.417 0.020000  29.79   1.17  28.99  33.41   4.42   1357.00
 70    1.4165   1.604 3585561   1.417 0.020000  29.79   1.22  28.70  33.51   4.81   1336.00
 71    1.4165   1.604 672050   1.417 0.020000  29.79   1.21  28.63  33.46   4.83   1275.00
 72    1.4165   1.604 3263034   1.416 0.020000  29.79   1.21  28.71  33.78   5.07   1288.00
 73    1.4165   1.604 656386   1.416 0.020000  29.79   1.25  28.90  33.67   4.77   1245.00
 74    1.4164   1.604 4960195   1.416 0.020000  29.79   1.20  28.97  33.37   4.39   1327.00
 75    1.4163   1.604 1880275   1.416 0.020000  29.79   1.34  28.57  33.74   5.18   1130.00
 76    1.4163   1.604 641315   1.416 0.020000  29.79   1.22  28.99  33.56   4.57   1227.00
 77    1.4162   1.604 4802170   1.416 0.020000  29.78   1.21  28.44  33.61   5.16   1019.00
 78    1.4161   1.604 468409   1.416 0.020000  29.78   1.23  28.97  33.57   4.60   1186.00
 79    1.4161   1.604 392323   1.416 0.020000  29.79   1.29  28.62  33.58   4.96   1119.00
 80    1.4161   1.604 1669910   1.416 0.020000  29.79   1.27  28.91  33.63   4.72   1266.00
 81    1.4161   1.604 1620985   1.416 0.020000  29.78   1.22  29.03  33.70   4.67   1315.00
 82    1.4161   1.604 169121   1.416 0.020000  29.79   1.30  28.96  33.84   4.88   1145.00
 83    1.4160   1.604 3959855   1.416 0.020000  29.78   1.23  28.88  33.62   4.74   807.00
 84    1.4159   1.603 4800741   1.416 0.020000  29.78   1.32  29.07  34.02   4.95   1042.00
 85    1.4159   1.603 1093985   1.416 0.020000  29.79   1.34  28.95  33.82   4.87   1045.00
 86    1.4159   1.603 1616366   1.416 0.020000  29.78   1.22  29.03  33.65   4.62   1214.00
 87    1.4158   1.603 3125624   1.416 0.020000  29.79   1.36  28.44  33.84   5.40   892.00
 88    1.4158   1.603 2658097   1.416 0.020000  29.78   1.27  28.76  33.53   4.77   1214.00
 89    1.4158   1.603 436294   1.416 0.020000  29.79   1.44  28.84  33.99   5.15   948.00
 90    1.4158   1.603 318804   1.416 0.020000  29.77   1.13  28.81  33.11   4.30   1202.00
 91    1.4158   1.603 3154256   1.416 0.020000  29.77   1.17  28.95  33.26   4.32   1455.00
 92    1.4158   1.603 4902337   1.416 0.020000  29.78   1.25  28.71  33.68   4.96   1045.00
 93    1.4158   1.603 39945   1.416 0.020000  29.77   1.12  28.79  33.34   4.55   1346.00
 94    1.4157   1.603 805633   1.416 0.020000  29.79   1.37  28.83  34.04   5.21   1102.00
 95    1.4157   1.603 1346867   1.416 0.020000  29.77   1.15  28.77  33.35   4.58   1157.00
 96    1.4156   1.603 4709145   1.416 0.020000  29.77   1.23  28.95  33.66   4.71   1167.00
 97    1.4156   1.603 3760065   1.416 0.020000  29.77   1.19  28.81  33.43   4.62   1211.00
 98    1.4156   1.603 4714120   1.416 0.020000  29.78   1.31  28.98  33.85   4.88   979.00
 99    1.4155   1.603 3645428   1.416 0.020000  29.77   1.27  28.35  33.46   5.10   1196.00
100    1.4155   1.603 2632361   1.416 0.020000  29.76   1.12  28.96  33.36   4.40   1228.00
101    1.4155   1.603 4616902   1.415 0.020000  29.77   1.19  28.92  33.47   4.55   1133.00
102    1.4155   1.603 1702047   1.415 0.020000  29.78   1.35  28.73  33.83   5.09   1080.00
103    1.4154   1.603 4205531   1.415 0.020000  29.77   1.22  28.94  33.39   4.44   1249.00
104    1.4154   1.603 2322671   1.415 0.020000  29.78   1.36  28.70  33.75   5.06   1058.00
105    1.4154   1.603 1862872   1.415 0.020000  29.77   1.31  28.63  33.82   5.18   1024.00
106    1.4153   1.603 1485368   1.415 0.020000  29.77   1.29  29.00  33.76   4.76   1233.00
107    1.4153   1.602 4486345   1.415 0.020000  29.76   1.07  28.99  32.81   3.83   1372.00
108    1.4152   1.602 1861936   1.415 0.020000  29.76   1.17  28.76  33.57   4.81   1241.00
109    1.4151   1.602 1167203   1.415 0.020000  29.76   1.25  28.90  33.95   5.05   1178.00
110    1.4150   1.602 949389   1.415 0.020000  29.75   1.08  28.60  33.26   4.66   1195.00
111    1.4150   1.602 345834   1.415 0.020000  29.76   1.23  28.78  33.56   4.78   968.00
112    1.4150   1.602 820180   1.415 0.020000  29.74   0.90  28.90  32.57   3.67   1166.00
113    1.4150   1.602 3582192   1.415 0.020000  29.76   1.28  28.92  33.76   4.84   1126.00
114    1.4149   1.602 1248152   1.415 0.020000  29.75   1.18  29.04  33.56   4.52   1326.00
115    1.4149   1.602 67565   1.415 0.020000  29.76   1.22  28.96  33.75   4.79   1230.00
116    1.4148   1.602 1209039   1.415 0.020000  29.76   1.27  28.58  33.47   4.90   978.00
117    1.4148   1.602 3232338   1.415 0.020000  29.76   1.26  28.44  33.23   4.79   1120.00
118    1.4148   1.602 361317   1.415 0.020000  29.76   1.33  28.85  33.67   4.82   1101.00
119    1.4148   1.602 2070799   1.415 0.020000  29.75   1.18  28.81  33.76   4.95   921.00
120    1.4148   1.602 3414041   1.415 0.020000  29.76   1.28  28.34  33.83   5.48   1025.00
121    1.4147   1.601 1648070   1.415 0.020000  29.74   1.10  28.96  33.32   4.36   1060.00
122    1.4147   1.601 3439858   1.415 0.020000  29.76   1.34  28.88  33.78   4.91   931.00
123    1.4147   1.601 2246706   1.415 0.020000  29.75   1.26  29.04  33.76   4.72   1411.00
124    1.4147   1.601 1162119   1.415 0.020000  29.75   1.21  28.97  33.62   4.65   1380.00
125    1.4147   1.601 77319   1.415 0.020000  29.75   1.21  28.97  33.54   4.57   1171.00
126    1.4146   1.601 4816465   1.415 0.020000  29.75   1.23  28.82  33.40   4.58   1157.00
127    1.4146   1.601 1502305   1.415 0.020000  29.75   1.26  28.81  33.61   4.80   1197.00
128    1.4146   1.601 4937478   1.415 0.020000  29.76   1.34  28.71  33.58   4.86   1258.00
129    1.4146   1.601 2827576   1.415 0.020000  29.75   1.27  28.74  33.73   4.98   1199.00
130    1.4146   1.601 3085217   1.415 0.020000  29.75   1.26  28.79  33.35   4.55   1247.00
131    1.4146   1.601 1148310   1.415 0.020000  29.76   1.29  28.87  33.70   4.83   1000.00
132    1.4146   1.601 324871   1.415 0.020000  29.75   1.25  28.87  33.65   4.79   1360.00
133    1.4146   1.601 3738118   1.415 0.020000  29.76   1.28  28.51  33.70   5.19   1116.00
134    1.4146   1.601 771371   1.415 0.020000  29.74   1.14  28.68  33.45   4.77   1195.00
135    1.4146   1.601 486064   1.415 0.020000  29.75   1.16  28.98  33.59   4.61   1122.00
136    1.4145   1.601 4211971   1.414 0.020000  29.75   1.20  28.78  33.46   4.68   1220.00
137    1.4144   1.601 284716   1.414 0.020000  29.75   1.20  29.02  33.46   4.44   1208.00
138    1.4144   1.601 3784770   1.414 0.020000  29.75   1.26  28.90  33.62   4.71   1060.00
139    1.4143   1.601 958008   1.414 0.020000  29.74   1.22  28.73  33.60   4.87   1139.00
140    1.4143   1.601 3992364   1.414 0.020000  29.75   1.29  29.01  33.84   4.83   1063.00
141    1.4143   1.601 1181084   1.414 0.020000  29.75   1.23  28.76  33.62   4.86   1093.00
142    1.4142   1.601 4870641   1.414 0.020000  29.73   1.11  28.62  33.46   4.85   1265.00
143    1.4142   1.601 1306249   1.414 0.020000  29.74   1.26  28.86  33.44   4.58   1194.00
144    1.4142   1.601 4290373   1.414 0.020000  29.75   1.31  28.71  33.68   4.97   947.00
145    1.4142   1.601 200651   1.414 0.020000  29.75   1.33  28.86  33.84   4.98   1014.00
146    1.4141   1.600 3152244   1.414 0.020000  29.74   1.25  29.00  33.83   4.84   1155.00
147    1.4141   1.600 724739   1.414 0.020000  29.74   1.16  28.97  33.36   4.38   1441.00
148    1.4141   1.600 4831688   1.414 0.020000  29.75   1.31  28.65  33.65   5.00   983.00
149    1.4141   1.600 2767301   1.414 0.020000  29.74   1.20  28.88  33.41   4.52   1146.00
150    1.4141   1.600 2433741   1.414 0.020000  29.74   1.21  28.95  33.83   4.88   1185.00
151    1.4141   1.600 3250856   1.414 0.020000  29.74   1.21  28.75  33.65   4.90   1120.00
152    1.4141   1.600 3040688   1.414 0.020000  29.72   0.82  29.13  32.04   2.92   1322.00
153    1.4140   1.600 4697068   1.414 0.020000  29.73   1.14  28.84  33.52   4.68   1110.00
154    1.4140   1.600 1043809   1.414 0.020000  29.74   1.24  28.81  33.28   4.47   1135.00
155    1.4140   1.600 693280   1.414 0.020000  29.75   1.34  28.73  33.65   4.92   1010.00
156    1.4140   1.600 3805582   1.414 0.020000  29.76   1.51  28.77  34.28   5.51   869.00
157    1.4140   1.600 2222402   1.414 0.020000  29.74   1.20  28.78  33.39   4.61   1009.00
158    1.4140   1.600 2221238   1.414 0.020000  29.73   1.08  28.99  32.97   3.98   1240.00
159    1.4140   1.600 2819640   1.414 0.020000  29.74   1.30  28.88  33.77   4.89   1257.00
160    1.4140   1.600 3501641   1.414 0.020000  29.73   1.18  28.70  33.46   4.76   1198.00
161    1.4140   1.600 3824297   1.414 0.020000  29.73   1.05  29.02  33.15   4.14   1284.00
162    1.4140   1.600 4443151   1.414 0.020000  29.73   1.14  28.44  32.94   4.50   1222.00
163    1.4139   1.600 1285148   1.414 0.020000  29.75   1.38  28.87  33.92   5.05   1086.00
164    1.4139   1.600 3222136   1.414 0.020000  29.73   1.19  28.40  33.56   5.16   903.00
165    1.4139   1.600 3048154   1.414 0.020000  29.75   1.38  28.67  34.06   5.39   1003.00
166    1.4139   1.600 3407103   1.414 0.020000  29.72   1.02  28.42  32.87   4.45   1339.00
167    1.4139   1.600 3135394   1.414 0.020000  29.73   1.21  28.95  33.57   4.62   1123.00
168    1.4139   1.600 3430540   1.414 0.020000  29.73   1.17  28.65  32.92   4.27   1231.00
169    1.4138   1.600 4687770   1.414 0.020000  29.74   1.35  28.63  33.82   5.19   1195.00
170    1.4138   1.600 4749735   1.414 0.020000  29.74   1.28  28.92  33.60   4.68   1238.00
171    1.4138   1.600 4200904   1.414 0.020000  29.74   1.30  28.97  33.74   4.77   1135.00
172    1.4138   1.600 3690763   1.414 0.020000  29.74   1.37  28.92  34.01   5.09   973.00
173    1.4138   1.600 744678   1.414 0.020000  29.74   1.33  28.87  33.95   5.08   1210.00
174    1.4138   1.600 558429   1.414 0.020000  29.73   1.21  28.77  33.36   4.59   1229.00
175    1.4138   1.600 4400452   1.414 0.020000  29.74   1.31  28.87  33.89   5.02   1092.00
176    1.4137   1.600 4821101   1.414 0.020000  29.73   1.15  28.55  33.50   4.95   1114.00
177    1.4137   1.600 2863588   1.414 0.020000  29.72   1.06  28.87  33.16   4.29   1133.00
178    1.4137   1.600 49038   1.414 0.020000  29.74   1.35  28.61  33.53   4.92   1096.00
179    1.4137   1.600 700844   1.414 0.020000  29.73   1.20  28.86  33.28   4.42   1119.00
180    1.4137   1.600 1567067   1.414 0.020000  29.73   1.26  28.88  33.43   4.54   1318.00
181    1.4137   1.600 3172261   1.414 0.020000  29.73   1.18  28.72  32.89   4.17   1237.00
182    1.4137   1.600 3065161   1.414 0.020000  29.73   1.17  28.94  33.45   4.51   1420.00
183    1.4137   1.600 2765943   1.414 0.020000  29.74   1.32  28.97  33.94   4.97   965.00
184    1.4137   1.600 2532526   1.414 0.020000  29.73   1.25  28.81  33.65   4.84   1111.00
185    1.4137   1.600 2035793   1.414 0.020000  29.73   1.21  28.86  33.82   4.95   972.00
186    1.4137   1.600 1478911   1.414 0.020000  29.74   1.34  28.87  33.93   5.06   943.00
187    1.4136   1.600 1472227   1.414 0.020000  29.73   1.26  28.65  33.77   5.11   1246.00
188    1.4136   1.600 2171651   1.414 0.020000  29.73   1.25  28.98  33.64   4.66   1096.00
189    1.4136   1.600 4380010   1.414 0.020000  29.73   1.26  28.77  33.84   5.08   1021.00
190    1.4136   1.600 3866123   1.414 0.020000  29.73   1.21  29.01  33.39   4.38   1130.00
191    1.4136   1.600 3067267   1.414 0.020000  29.74   1.33  28.46  33.85   5.40   923.00
192    1.4136   1.600 4241138   1.414 0.020000  29.73   1.28  28.85  33.76   4.92   1235.00
193    1.4135   1.599 3331744   1.414 0.020000  29.72   1.05  28.69  33.13   4.43   1121.00
194    1.4135   1.599 159358   1.414 0.020000  29.73   1.29  28.83  33.49   4.66   1056.00
195    1.4135   1.599 625507   1.414 0.020000  29.73   1.19  28.80  33.38   4.57   1208.00
196    1.4135   1.599 2188352   1.414 0.020000  29.73   1.20  28.52  33.53   5.00   1043.00
197    1.4135   1.599 4545000   1.413 0.020000  29.73   1.31  28.27  33.37   5.10   1024.00
198    1.4135   1.599 659382   1.413 0.020000  29.73   1.29  28.85  33.61   4.76   1019.00
199    1.4135   1.599 899275   1.413 0.020000  29.73   1.24  28.81  33.53   4.71   1107.00
200    1.4135   1.599 1363951   1.413 0.020000  29.72   1.18  28.92  33.59   4.67   1354.00
201    1.4135   1.599 4163254   1.413 0.020000  29.73   1.26  28.91  33.57   4.67   1042.00
202    1.4134   1.599 1379027   1.413 0.020000  29.73   1.25  28.85  33.84   4.99   1000.00
203    1.4134   1.599 4264327   1.413 0.020000  29.72   1.13  28.66  33.27   4.61   921.00
204    1.4134   1.599 379238   1.413 0.020000  29.71   1.03  28.93  32.96   4.03   1296.00
205    1.4134   1.599 1787925   1.413 0.020000  29.73   1.27  29.02  33.88   4.86   1205.00
206    1.4133   1.599 677088   1.413 0.020000  29.72   1.21  28.74  33.80   5.06   1157.00
207    1.4133   1.599 3149040   1.413 0.020000  29.73   1.28  28.69  33.66   4.97   987.00
208    1.4133   1.599 4070086   1.413 0.020000  29.73   1.33  28.88  34.04   5.15   1062.00
209    1.4133   1.599 421283   1.413 0.020000  29.72   1.22  28.77  33.64   4.86   1141.00
210    1.4133   1.599 220670   1.413 0.020000  29.72   1.16  28.46  33.09   4.62   1223.00
211    1.4133   1.599 2456634   1.413 0.020000  29.73   1.26  28.79  34.01   5.22   983.00
212    1.4133   1.599 2320495   1.413 0.020000  29.73   1.32  28.87  33.82   4.94   1352.00
213    1.4133   1.599 2694556   1.413 0.020000  29.74   1.44  28.86  34.05   5.19   1027.00
214    1.4133   1.599 509222   1.413 0.020000  29.72   1.15  28.85  33.25   4.40   1174.00
215    1.4133   1.599 19030   1.413 0.020000  29.72   1.24  28.71  33.67   4.96   1171.00
216    1.4133   1.599 4708365   1.413 0.020000  29.72   1.11  28.91  33.23   4.32   1162.00
217    1.4133   1.599 4822488   1.413 0.020000  29.74   1.43  28.72  34.12   5.41   943.00
218    1.4133   1.599 2577695   1.413 0.020000  29.72   1.12  28.89  33.56   4.67   1301.00
219    1.4133   1.599 668708   1.413 0.020000  29.72   1.22  28.48  33.86   5.38   974.00
220    1.4132   1.599 2098533   1.413 0.020000  29.72   1.16  28.66  33.44   4.78   1095.00
221    1.4132   1.599 1337849   1.413 0.020000  29.71   1.08  28.82  33.42   4.60   1203.00
222    1.4132   1.599 3794896   1.413 0.020000  29.71   1.08  28.92  33.13   4.21   1444.00
223    1.4132   1.599 1769598   1.413 0.020000  29.72   1.20  28.92  33.61   4.69   1093.00
224    1.4132   1.599 949373   1.413 0.020000  29.73   1.32  28.83  33.65   4.82   1083.00
225    1.4132   1.599 1107642   1.413 0.020000  29.71   1.10  28.84  33.30   4.46   1426.00
226    1.4132   1.599 179302   1.413 0.020000  29.72   1.26  28.88  33.86   4.98   1112.00
227    1.4131   1.599 632038   1.413 0.020000  29.72   1.18  28.69  33.31   4.62   1173.00
228    1.4131   1.599 2171969   1.413 0.020000  29.70   0.97  28.89  32.60   3.71   1379.00
229    1.4131   1.599 4633437   1.413 0.020000  29.72   1.19  28.73  33.50   4.77   1345.00
230    1.4131   1.599 3104498   1.413 0.020000  29.73   1.39  28.44  33.63   5.19   979.00
231    1.4131   1.599 3683506   1.413 0.020000  29.72   1.24  28.85  33.31   4.46   1156.00
232    1.4131   1.599 168432   1.413 0.020000  29.73   1.34  28.80  33.77   4.98   1227.00
233    1.4131   1.599 1699001   1.413 0.020000  29.72   1.23  28.86  33.85   4.99   1142.00
234    1.4130   1.599 224898   1.413 0.020000  29.73   1.42  28.45  33.73   5.29   947.00
235    1.4130   1.599 4173847   1.413 0.020000  29.72   1.19  28.61  33.42   4.82   997.00
236    1.4130   1.599 4472249   1.413 0.020000  29.72   1.24  28.60  33.84   5.24   1342.00
237    1.4130   1.599 3848743   1.413 0.020000  29.72   1.30  28.70  33.80   5.10   962.00
238    1.4130   1.599 3046988   1.413 0.020000  29.72   1.31  28.92  33.90   4.99   1120.00
239    1.4130   1.599 4774478   1.413 0.020000  29.72   1.22  28.59  33.39   4.80   1188.00
240    1.4130   1.599 1018518   1.413 0.020000  29.72   1.30  28.91  33.58   4.66   1283.00
241    1.4130   1.599 3567659   1.413 0.020000  29.72   1.24  28.91  33.61   4.70   1158.00
242    1.4129   1.598 2875078   1.413 0.020000  29.72   1.26  28.84  33.70   4.87   1026.00
243    1.4129   1.598 3426511   1.413 0.020000  29.73   1.37  28.66  34.10   5.44   917.00
244    1.4129   1.598 4832328   1.413 0.020000  29.72   1.21  28.66  33.59   4.93   1131.00
245    1.4129   1.598 595753   1.413 0.020000  29.72   1.30  28.77  33.55   4.77   1146.00
246    1.4129   1.598 1908394   1.413 0.020000  29.73   1.36  28.50  33.85   5.35   893.00
247    1.4129   1.598 1367999   1.413 0.020000  29.72   1.22  28.47  33.57   5.10   1095.00
248    1.4129   1.598 699970   1.413 0.020000  29.71   1.21  28.79  33.49   4.70   1328.00
249    1.4129   1.598 3622210   1.413 0.020000  29.72   1.23  28.18  33.11   4.93   915.00
250    1.4129   1.598 3757870   1.413 0.020000  29.72   1.24  28.81  33.45   4.65   1003.00
251    1.4128   1.598 796124   1.413 0.020000  29.73   1.40  28.86  33.76   4.90   1027.00
252    1.4128   1.598 1432898   1.413 0.020000  29.72   1.35  28.74  34.10   5.36   1175.00
253    1.4128   1.598 4321363   1.413 0.020000  29.72   1.31  29.00  33.60   4.60   1266.00
254    1.4128   1.598 1867391   1.413 0.020000  29.71   1.14  28.64  33.48   4.84   1235.00
255    1.4128   1.598 2369322   1.413 0.020000  29.71   1.18  28.81  33.45   4.64   950.00
256    1.4128   1.598 4833023   1.413 0.020000  29.72   1.29  28.72  33.75   5.03   1153.00
257    1.4128   1.598 3888292   1.413 0.020000  29.71   1.16  28.62  33.46   4.84   1104.00
258    1.4128   1.598  1302   1.413 0.020000  29.72   1.31  28.67  33.80   5.13   1062.00
259    1.4127   1.598 2457399   1.413 0.020000  29.72   1.31  28.52  33.66   5.14   1091.00
260    1.4127   1.598 4294131   1.413 0.020000  29.71   1.23  28.68  33.52   4.84   1198.00
261    1.4127   1.598 14978   1.413 0.020000  29.71   1.15  28.93  33.47   4.55   997.00
262    1.4127   1.598 305652   1.413 0.020000  29.72   1.28  28.60  33.73   5.13   1281.00
263    1.4127   1.598 89947   1.413 0.020000  29.71   1.23  28.93  33.51   4.58   1346.00
264    1.4127   1.598 533809   1.413 0.020000  29.73   1.41  28.60  34.01   5.41   1039.00
265    1.4127   1.598 417156   1.413 0.020000  29.72   1.37  28.87  33.90   5.03   989.00
266    1.4127   1.598 4616136   1.413 0.020000  29.72   1.37  28.46  33.78   5.31   980.00
267    1.4127   1.598 2338157   1.413 0.020000  29.73   1.51  28.55  34.18   5.63   915.00
268    1.4127   1.598 4457387   1.413 0.020000  29.70   1.07  28.32  33.32   5.00   1204.00
269    1.4126   1.598 2295526   1.413 0.020000  29.70   1.10  28.78  33.27   4.50   1348.00
270    1.4126   1.598 1292599   1.413 0.020000  29.71   1.21  28.79  33.42   4.62   1087.00
271    1.4126   1.598 990765   1.413 0.020000  29.72   1.35  28.84  33.99   5.16   973.00
272    1.4126   1.598 3069911   1.413 0.020000  29.70   1.15  28.75  33.64   4.89   1190.00
273    1.4126   1.598 3615291   1.413 0.020000  29.71   1.19  28.71  33.21   4.51   1105.00
274    1.4126   1.598 4817226   1.413 0.020000  29.71   1.31  28.45  33.78   5.33   944.00
275    1.4126   1.598 1002223   1.413 0.020000  29.71   1.30  28.86  33.81   4.95   1125.00
276    1.4126   1.598 4568638   1.413 0.020000  29.71   1.24  28.52  33.21   4.70   1107.00
277    1.4125   1.598 189402   1.413 0.020000  29.70   1.15  28.86  33.50   4.64   1103.00
278    1.4125   1.598 1104211   1.412 0.020000  29.71   1.31  28.83  33.81   4.98   1242.00
279    1.4125   1.598 4415891   1.412 0.020000  29.71   1.27  28.74  33.77   5.03   1024.00
280    1.4125   1.598 248965   1.412 0.020000  29.71   1.21  28.42  33.28   4.86   1257.00
281    1.4124   1.598 4693583   1.412 0.020000  29.71   1.23  28.34  33.54   5.20   990.00
282    1.4124   1.598 2467800   1.412 0.020000  29.71   1.32  28.69  33.58   4.89   1106.00
283    1.4124   1.598 3835518   1.412 0.020000  29.71   1.26  28.40  33.32   4.92   1335.00
284    1.4124   1.598 2192346   1.412 0.020000  29.70   1.16  28.71  33.29   4.57   1326.00
285    1.4124   1.598 364925   1.412 0.020000  29.71   1.26  28.80  33.75   4.95   979.00
286    1.4124   1.598 4921916   1.412 0.020000  29.71   1.36  28.82  33.86   5.03   991.00
287    1.4124   1.598 2413286   1.412 0.020000  29.69   1.08  29.05  33.18   4.13   1373.00
288    1.4124   1.598 3329011   1.412 0.020000  29.71   1.36  28.96  33.73   4.77   1253.00
289    1.4124   1.597 703364   1.412 0.020000  29.70   1.12  28.85  33.35   4.50   1204.00
290    1.4124   1.597 3098579   1.412 0.020000  29.70   1.21  28.63  33.52   4.89   960.00
291    1.4124   1.597 2665983   1.412 0.020000  29.71   1.33  28.61  33.96   5.35   1243.00
292    1.4123   1.597 2005227   1.412 0.020000  29.70   1.13  28.85  33.19   4.33   1474.00
293    1.4123   1.597 113194   1.412 0.020000  29.71   1.26  28.63  33.69   5.06   1102.00
294    1.4123   1.597 706069   1.412 0.020000  29.70   1.17  28.35  33.68   5.33   1314.00
295    1.4123   1.597 4014320   1.412 0.020000  29.71   1.34  28.74  34.07   5.33   1115.00
296    1.4123   1.597 2727341   1.412 0.020000  29.71   1.30  28.79  33.62   4.84   1089.00
297    1.4123   1.597 712511   1.412 0.020000  29.71   1.28  28.88  33.57   4.69   1208.00
298    1.4123   1.597 4034997   1.412 0.020000  29.71   1.30  28.83  33.73   4.90   1043.00
299    1.4123   1.597 1298553   1.412 0.020000  29.70   1.13  28.70  33.16   4.47   1169.00
300    1.4122   1.597 3464551   1.412 0.020000  29.69   1.10  28.23  32.98   4.75   1081.00
301    1.4122   1.597 3054886   1.412 0.020000  29.70   1.26  28.84  33.82   4.98   1311.00
302    1.4122   1.597 4952234   1.412 0.020000  29.71   1.29  28.81  33.30   4.48   1277.00
303    1.4122   1.597 303180   1.412 0.020000  29.70   1.26  28.84  33.36   4.52   1206.00
304    1.4122   1.597 839432   1.412 0.020000  29.70   1.21  28.83  33.56   4.73   1181.00
305    1.4122   1.597 2873467   1.412 0.020000  29.70   1.20  28.80  33.54   4.74   1205.00
306    1.4122   1.597 634131   1.412 0.020000  29.71   1.33  28.82  33.88   5.06   1115.00
307    1.4121   1.597 915661   1.412 0.020000  29.71   1.35  28.54  33.48   4.93   1077.00
308    1.4121   1.597 641963   1.412 0.020000  29.70   1.21  28.62  33.32   4.70   1150.00
309    1.4121   1.597 3928992   1.412 0.020000  29.69   1.09  28.87  33.28   4.41   1161.00
310    1.4121   1.597 2255017   1.412 0.020000  29.70   1.26  28.94  33.53   4.60   1060.00
311    1.4121   1.597 2623226   1.412 0.020000  29.70   1.29  28.85  33.67   4.82   1260.00
312    1.4121   1.597 3958357   1.412 0.020000  29.70   1.30  28.20  33.34   5.13   1011.00
313    1.4121   1.597 911859   1.412 0.020000  29.70   1.23  28.74  33.65   4.92   1160.00
314    1.4121   1.597 4711492   1.412 0.020000  29.70   1.26  28.87  33.61   4.74   1506.00
315    1.4121   1.597 4097985   1.412 0.020000  29.70   1.29  28.79  33.79   5.00   930.00
316    1.4121   1.597 2771676   1.412 0.020000  29.71   1.40  28.69  33.86   5.18   1024.00
317    1.4120   1.597 1207361   1.412 0.020000  29.70   1.29  28.85  34.00   5.14   1035.00
318    1.4120   1.597 2494165   1.412 0.020000  29.70   1.25  28.96  33.66   4.71   1250.00
319    1.4120   1.597 806319   1.412 0.020000  29.71   1.36  28.65  33.91   5.25   814.00
320    1.4120   1.597 453829   1.412 0.020000  29.69   1.19  28.70  33.54   4.83   1161.00

Ideal CB1 PMtx--------------------------
 1.000;
Schedule 1 CB1 PMtx--------------------------
 0.980;
Schedule 2 CB1 PMtx--------------------------
 0.980;
Schedule 3 CB1 PMtx--------------------------
 0.980;
Schedule 4 CB1 PMtx--------------------------
 0.980;
Schedule 5 CB1 PMtx--------------------------
 0.980;
Schedule 6 CB1 PMtx--------------------------
 0.980;
Schedule 7 CB1 PMtx--------------------------
 0.980;
Schedule 8 CB1 PMtx--------------------------
 0.980;
Schedule 9 CB1 PMtx--------------------------
 0.980;
Schedule 10 CB1 PMtx--------------------------
 0.980;
Schedule 11 CB1 PMtx--------------------------
 0.980;
Schedule 12 CB1 PMtx--------------------------
 0.980;
Schedule 13 CB1 PMtx--------------------------
 0.980;
Schedule 14 CB1 PMtx--------------------------
 0.980;
Schedule 15 CB1 PMtx--------------------------
 0.980;
Schedule 16 CB1 PMtx--------------------------
 0.980;
Schedule 17 CB1 PMtx--------------------------
 0.980;
Schedule 18 CB1 PMtx--------------------------
 0.980;
Schedule 19 CB1 PMtx--------------------------
 0.980;
Schedule 20 CB1 PMtx--------------------------
 0.980;
Schedule 21 CB1 PMtx--------------------------
 0.980;
Schedule 22 CB1 PMtx--------------------------
 0.980;
Schedule 23 CB1 PMtx--------------------------
 0.980;
Schedule 24 CB1 PMtx--------------------------
 0.980;
Schedule 25 CB1 PMtx--------------------------
 0.980;
Schedule 26 CB1 PMtx--------------------------
 0.980;
Schedule 27 CB1 PMtx--------------------------
 0.980;
Schedule 28 CB1 PMtx--------------------------
 0.980;
Schedule 29 CB1 PMtx--------------------------
 0.980;
Schedule 30 CB1 PMtx--------------------------
 0.980;
Schedule 31 CB1 PMtx--------------------------
 0.980;
Schedule 32 CB1 PMtx--------------------------
 0.980;
Schedule 33 CB1 PMtx--------------------------
 0.980;
Schedule 34 CB1 PMtx--------------------------
 0.980;
Schedule 35 CB1 PMtx--------------------------
 0.980;
Schedule 36 CB1 PMtx--------------------------
 0.980;
Schedule 37 CB1 PMtx--------------------------
 0.980;
Schedule 38 CB1 PMtx--------------------------
 0.980;
Schedule 39 CB1 PMtx--------------------------
 0.980;
Schedule 40 CB1 PMtx--------------------------
 0.980;
Schedule 41 CB1 PMtx--------------------------
 0.980;
Schedule 42 CB1 PMtx--------------------------
 0.980;
Schedule 43 CB1 PMtx--------------------------
 0.980;
Schedule 44 CB1 PMtx--------------------------
 0.980;
Schedule 45 CB1 PMtx--------------------------
 0.980;
Schedule 46 CB1 PMtx--------------------------
 0.980;
Schedule 47 CB1 PMtx--------------------------
 0.980;
Schedule 48 CB1 PMtx--------------------------
 0.980;
Schedule 49 CB1 PMtx--------------------------
 0.980;
Schedule 50 CB1 PMtx--------------------------
 0.980;
Schedule 51 CB1 PMtx--------------------------
 0.980;
Schedule 52 CB1 PMtx--------------------------
 0.980;
Schedule 53 CB1 PMtx--------------------------
 0.980;
Schedule 54 CB1 PMtx--------------------------
 0.980;
Schedule 55 CB1 PMtx--------------------------
 0.980;
Schedule 56 CB1 PMtx--------------------------
 0.980;
Schedule 57 CB1 PMtx--------------------------
 0.980;
Schedule 58 CB1 PMtx--------------------------
 0.980;
Schedule 59 CB1 PMtx--------------------------
 0.980;
Schedule 60 CB1 PMtx--------------------------
 0.980;
Schedule 61 CB1 PMtx--------------------------
 0.980;
Schedule 62 CB1 PMtx--------------------------
 0.980;
Schedule 63 CB1 PMtx--------------------------
 0.980;
Schedule 64 CB1 PMtx--------------------------
 0.980;
Schedule 65 CB1 PMtx--------------------------
 0.980;
Schedule 66 CB1 PMtx--------------------------
 0.980;
Schedule 67 CB1 PMtx--------------------------
 0.980;
Schedule 68 CB1 PMtx--------------------------
 0.980;
Schedule 69 CB1 PMtx--------------------------
 0.980;
Schedule 70 CB1 PMtx--------------------------
 0.980;
Schedule 71 CB1 PMtx--------------------------
 0.980;
Schedule 72 CB1 PMtx--------------------------
 0.980;
Schedule 73 CB1 PMtx--------------------------
 0.980;
Schedule 74 CB1 PMtx--------------------------
 0.980;
Schedule 75 CB1 PMtx--------------------------
 0.980;
Schedule 76 CB1 PMtx--------------------------
 0.980;
Schedule 77 CB1 PMtx--------------------------
 0.980;
Schedule 78 CB1 PMtx--------------------------
 0.980;
Schedule 79 CB1 PMtx--------------------------
 0.980;
Schedule 80 CB1 PMtx--------------------------
 0.980;
Schedule 81 CB1 PMtx--------------------------
 0.980;
Schedule 82 CB1 PMtx--------------------------
 0.980;
Schedule 83 CB1 PMtx--------------------------
 0.980;
Schedule 84 CB1 PMtx--------------------------
 0.980;
Schedule 85 CB1 PMtx--------------------------
 0.980;
Schedule 86 CB1 PMtx--------------------------
 0.980;
Schedule 87 CB1 PMtx--------------------------
 0.980;
Schedule 88 CB1 PMtx--------------------------
 0.980;
Schedule 89 CB1 PMtx--------------------------
 0.980;
Schedule 90 CB1 PMtx--------------------------
 0.980;
Schedule 91 CB1 PMtx--------------------------
 0.980;
Schedule 92 CB1 PMtx--------------------------
 0.980;
Schedule 93 CB1 PMtx--------------------------
 0.980;
Schedule 94 CB1 PMtx--------------------------
 0.980;
Schedule 95 CB1 PMtx--------------------------
 0.980;
Schedule 96 CB1 PMtx--------------------------
 0.980;
Schedule 97 CB1 PMtx--------------------------
 0.980;
Schedule 98 CB1 PMtx--------------------------
 0.980;
Schedule 99 CB1 PMtx--------------------------
 0.980;
Schedule 100 CB1 PMtx--------------------------
 0.980;
Schedule 101 CB1 PMtx--------------------------
 0.980;
Schedule 102 CB1 PMtx--------------------------
 0.980;
Schedule 103 CB1 PMtx--------------------------
 0.980;
Schedule 104 CB1 PMtx--------------------------
 0.980;
Schedule 105 CB1 PMtx--------------------------
 0.980;
Schedule 106 CB1 PMtx--------------------------
 0.980;
Schedule 107 CB1 PMtx--------------------------
 0.980;
Schedule 108 CB1 PMtx--------------------------
 0.980;
Schedule 109 CB1 PMtx--------------------------
 0.980;
Schedule 110 CB1 PMtx--------------------------
 0.980;
Schedule 111 CB1 PMtx--------------------------
 0.980;
Schedule 112 CB1 PMtx--------------------------
 0.980;
Schedule 113 CB1 PMtx--------------------------
 0.980;
Schedule 114 CB1 PMtx--------------------------
 0.980;
Schedule 115 CB1 PMtx--------------------------
 0.980;
Schedule 116 CB1 PMtx--------------------------
 0.980;
Schedule 117 CB1 PMtx--------------------------
 0.980;
Schedule 118 CB1 PMtx--------------------------
 0.980;
Schedule 119 CB1 PMtx--------------------------
 0.980;
Schedule 120 CB1 PMtx--------------------------
 0.980;
Schedule 121 CB1 PMtx--------------------------
 0.980;
Schedule 122 CB1 PMtx--------------------------
 0.980;
Schedule 123 CB1 PMtx--------------------------
 0.980;
Schedule 124 CB1 PMtx--------------------------
 0.980;
Schedule 125 CB1 PMtx--------------------------
 0.980;
Schedule 126 CB1 PMtx--------------------------
 0.980;
Schedule 127 CB1 PMtx--------------------------
 0.980;
Schedule 128 CB1 PMtx--------------------------
 0.980;
Schedule 129 CB1 PMtx--------------------------
 0.980;
Schedule 130 CB1 PMtx--------------------------
 0.980;
Schedule 131 CB1 PMtx--------------------------
 0.980;
Schedule 132 CB1 PMtx--------------------------
 0.980;
Schedule 133 CB1 PMtx--------------------------
 0.980;
Schedule 134 CB1 PMtx--------------------------
 0.980;
Schedule 135 CB1 PMtx--------------------------
 0.980;
Schedule 136 CB1 PMtx--------------------------
 0.980;
Schedule 137 CB1 PMtx--------------------------
 0.980;
Schedule 138 CB1 PMtx--------------------------
 0.980;
Schedule 139 CB1 PMtx--------------------------
 0.980;
Schedule 140 CB1 PMtx--------------------------
 0.980;
Schedule 141 CB1 PMtx--------------------------
 0.980;
Schedule 142 CB1 PMtx--------------------------
 0.980;
Schedule 143 CB1 PMtx--------------------------
 0.980;
Schedule 144 CB1 PMtx--------------------------
 0.980;
Schedule 145 CB1 PMtx--------------------------
 0.980;
Schedule 146 CB1 PMtx--------------------------
 0.980;
Schedule 147 CB1 PMtx--------------------------
 0.980;
Schedule 148 CB1 PMtx--------------------------
 0.980;
Schedule 149 CB1 PMtx--------------------------
 0.980;
Schedule 150 CB1 PMtx--------------------------
 0.980;
Schedule 151 CB1 PMtx--------------------------
 0.980;
Schedule 152 CB1 PMtx--------------------------
 0.980;
Schedule 153 CB1 PMtx--------------------------
 0.980;
Schedule 154 CB1 PMtx--------------------------
 0.980;
Schedule 155 CB1 PMtx--------------------------
 0.980;
Schedule 156 CB1 PMtx--------------------------
 0.980;
Schedule 157 CB1 PMtx--------------------------
 0.980;
Schedule 158 CB1 PMtx--------------------------
 0.980;
Schedule 159 CB1 PMtx--------------------------
 0.980;
Schedule 160 CB1 PMtx--------------------------
 0.980;
Schedule 161 CB1 PMtx--------------------------
 0.980;
Schedule 162 CB1 PMtx--------------------------
 0.980;
Schedule 163 CB1 PMtx--------------------------
 0.980;
Schedule 164 CB1 PMtx--------------------------
 0.980;
Schedule 165 CB1 PMtx--------------------------
 0.980;
Schedule 166 CB1 PMtx--------------------------
 0.980;
Schedule 167 CB1 PMtx--------------------------
 0.980;
Schedule 168 CB1 PMtx--------------------------
 0.980;
Schedule 169 CB1 PMtx--------------------------
 0.980;
Schedule 170 CB1 PMtx--------------------------
 0.980;
Schedule 171 CB1 PMtx--------------------------
 0.980;
Schedule 172 CB1 PMtx--------------------------
 0.980;
Schedule 173 CB1 PMtx--------------------------
 0.980;
Schedule 174 CB1 PMtx--------------------------
 0.980;
Schedule 175 CB1 PMtx--------------------------
 0.980;
Schedule 176 CB1 PMtx--------------------------
 0.980;
Schedule 177 CB1 PMtx--------------------------
 0.980;
Schedule 178 CB1 PMtx--------------------------
 0.980;
Schedule 179 CB1 PMtx--------------------------
 0.980;
Schedule 180 CB1 PMtx--------------------------
 0.980;
Schedule 181 CB1 PMtx--------------------------
 0.980;
Schedule 182 CB1 PMtx--------------------------
 0.980;
Schedule 183 CB1 PMtx--------------------------
 0.980;
Schedule 184 CB1 PMtx--------------------------
 0.980;
Schedule 185 CB1 PMtx--------------------------
 0.980;
Schedule 186 CB1 PMtx--------------------------
 0.980;
Schedule 187 CB1 PMtx--------------------------
 0.980;
Schedule 188 CB1 PMtx--------------------------
 0.980;
Schedule 189 CB1 PMtx--------------------------
 0.980;
Schedule 190 CB1 PMtx--------------------------
 0.980;
Schedule 191 CB1 PMtx--------------------------
 0.980;
Schedule 192 CB1 PMtx--------------------------
 0.980;
Schedule 193 CB1 PMtx--------------------------
 0.980;
Schedule 194 CB1 PMtx--------------------------
 0.980;
Schedule 195 CB1 PMtx--------------------------
 0.980;
Schedule 196 CB1 PMtx--------------------------
 0.980;
Schedule 197 CB1 PMtx--------------------------
 0.980;
Schedule 198 CB1 PMtx--------------------------
 0.980;
Schedule 199 CB1 PMtx--------------------------
 0.980;
Schedule 200 CB1 PMtx--------------------------
 0.980;
Schedule 201 CB1 PMtx--------------------------
 0.980;
Schedule 202 CB1 PMtx--------------------------
 0.980;
Schedule 203 CB1 PMtx--------------------------
 0.980;
Schedule 204 CB1 PMtx--------------------------
 0.980;
Schedule 205 CB1 PMtx--------------------------
 0.980;
Schedule 206 CB1 PMtx--------------------------
 0.980;
Schedule 207 CB1 PMtx--------------------------
 0.980;
Schedule 208 CB1 PMtx--------------------------
 0.980;
Schedule 209 CB1 PMtx--------------------------
 0.980;
Schedule 210 CB1 PMtx--------------------------
 0.980;
Schedule 211 CB1 PMtx--------------------------
 0.980;
Schedule 212 CB1 PMtx--------------------------
 0.980;
Schedule 213 CB1 PMtx--------------------------
 0.980;
Schedule 214 CB1 PMtx--------------------------
 0.980;
Schedule 215 CB1 PMtx--------------------------
 0.980;
Schedule 216 CB1 PMtx--------------------------
 0.980;
Schedule 217 CB1 PMtx--------------------------
 0.980;
Schedule 218 CB1 PMtx--------------------------
 0.980;
Schedule 219 CB1 PMtx--------------------------
 0.980;
Schedule 220 CB1 PMtx--------------------------
 0.980;
Schedule 221 CB1 PMtx--------------------------
 0.980;
Schedule 222 CB1 PMtx--------------------------
 0.980;
Schedule 223 CB1 PMtx--------------------------
 0.980;
Schedule 224 CB1 PMtx--------------------------
 0.980;
Schedule 225 CB1 PMtx--------------------------
 0.980;
Schedule 226 CB1 PMtx--------------------------
 0.980;
Schedule 227 CB1 PMtx--------------------------
 0.980;
Schedule 228 CB1 PMtx--------------------------
 0.980;
Schedule 229 CB1 PMtx--------------------------
 0.980;
Schedule 230 CB1 PMtx--------------------------
 0.980;
Schedule 231 CB1 PMtx--------------------------
 0.980;
Schedule 232 CB1 PMtx--------------------------
 0.980;
Schedule 233 CB1 PMtx--------------------------
 0.980;
Schedule 234 CB1 PMtx--------------------------
 0.980;
Schedule 235 CB1 PMtx--------------------------
 0.980;
Schedule 236 CB1 PMtx--------------------------
 0.980;
Schedule 237 CB1 PMtx--------------------------
 0.980;
Schedule 238 CB1 PMtx--------------------------
 0.980;
Schedule 239 CB1 PMtx--------------------------
 0.980;
Schedule 240 CB1 PMtx--------------------------
 0.980;
Schedule 241 CB1 PMtx--------------------------
 0.980;
Schedule 242 CB1 PMtx--------------------------
 0.980;
Schedule 243 CB1 PMtx--------------------------
 0.980;
Schedule 244 CB1 PMtx--------------------------
 0.980;
Schedule 245 CB1 PMtx--------------------------
 0.980;
Schedule 246 CB1 PMtx--------------------------
 0.980;
Schedule 247 CB1 PMtx--------------------------
 0.980;
Schedule 248 CB1 PMtx--------------------------
 0.980;
Schedule 249 CB1 PMtx--------------------------
 0.980;
Schedule 250 CB1 PMtx--------------------------
 0.980;
Schedule 251 CB1 PMtx--------------------------
 0.980;
Schedule 252 CB1 PMtx--------------------------
 0.980;
Schedule 253 CB1 PMtx--------------------------
 0.980;
Schedule 254 CB1 PMtx--------------------------
 0.980;
Schedule 255 CB1 PMtx--------------------------
 0.980;
Schedule 256 CB1 PMtx--------------------------
 0.980;
Schedule 257 CB1 PMtx--------------------------
 0.980;
Schedule 258 CB1 PMtx--------------------------
 0.980;
Schedule 259 CB1 PMtx--------------------------
 0.980;
Schedule 260 CB1 PMtx--------------------------
 0.980;
Schedule 261 CB1 PMtx--------------------------
 0.980;
Schedule 262 CB1 PMtx--------------------------
 0.980;
Schedule 263 CB1 PMtx--------------------------
 0.980;
Schedule 264 CB1 PMtx--------------------------
 0.980;
Schedule 265 CB1 PMtx--------------------------
 0.980;
Schedule 266 CB1 PMtx--------------------------
 0.980;
Schedule 267 CB1 PMtx--------------------------
 0.980;
Schedule 268 CB1 PMtx--------------------------
 0.980;
Schedule 269 CB1 PMtx--------------------------
 0.980;
Schedule 270 CB1 PMtx--------------------------
 0.980;
Schedule 271 CB1 PMtx--------------------------
 0.980;
Schedule 272 CB1 PMtx--------------------------
 0.980;
Schedule 273 CB1 PMtx--------------------------
 0.980;
Schedule 274 CB1 PMtx--------------------------
 0.980;
Schedule 275 CB1 PMtx--------------------------
 0.980;
Schedule 276 CB1 PMtx--------------------------
 0.980;
Schedule 277 CB1 PMtx--------------------------
 0.980;
Schedule 278 CB1 PMtx--------------------------
 0.980;
Schedule 279 CB1 PMtx--------------------------
 0.980;
Schedule 280 CB1 PMtx--------------------------
 0.980;
Schedule 281 CB1 PMtx--------------------------
 0.980;
Schedule 282 CB1 PMtx--------------------------
 0.980;
Schedule 283 CB1 PMtx--------------------------
 0.980;
Schedule 284 CB1 PMtx--------------------------
 0.980;
Schedule 285 CB1 PMtx--------------------------
 0.980;
Schedule 286 CB1 PMtx--------------------------
 0.980;
Schedule 287 CB1 PMtx--------------------------
 0.980;
Schedule 288 CB1 PMtx--------------------------
 0.980;
Schedule 289 CB1 PMtx--------------------------
 0.980;
Schedule 290 CB1 PMtx--------------------------
 0.980;
Schedule 291 CB1 PMtx--------------------------
 0.980;
Schedule 292 CB1 PMtx--------------------------
 0.980;
Schedule 293 CB1 PMtx--------------------------
 0.980;
Schedule 294 CB1 PMtx--------------------------
 0.980;
Schedule 295 CB1 PMtx--------------------------
 0.980;
Schedule 296 CB1 PMtx--------------------------
 0.980;
Schedule 297 CB1 PMtx--------------------------
 0.980;
Schedule 298 CB1 PMtx--------------------------
 0.980;
Schedule 299 CB1 PMtx--------------------------
 0.980;
Schedule 300 CB1 PMtx--------------------------
 0.980;
Schedule 301 CB1 PMtx--------------------------
 0.980;
Schedule 302 CB1 PMtx--------------------------
 0.980;
Schedule 303 CB1 PMtx--------------------------
 0.980;
Schedule 304 CB1 PMtx--------------------------
 0.980;
Schedule 305 CB1 PMtx--------------------------
 0.980;
Schedule 306 CB1 PMtx--------------------------
 0.980;
Schedule 307 CB1 PMtx--------------------------
 0.980;
Schedule 308 CB1 PMtx--------------------------
 0.980;
Schedule 309 CB1 PMtx--------------------------
 0.980;
Schedule 310 CB1 PMtx--------------------------
 0.980;
Schedule 311 CB1 PMtx--------------------------
 0.980;
Schedule 312 CB1 PMtx--------------------------
 0.980;
Schedule 313 CB1 PMtx--------------------------
 0.980;
Schedule 314 CB1 PMtx--------------------------
 0.980;
Schedule 315 CB1 PMtx--------------------------
 0.980;
Schedule 316 CB1 PMtx--------------------------
 0.980;
Schedule 317 CB1 PMtx--------------------------
 0.980;
Schedule 318 CB1 PMtx--------------------------
 0.980;
Schedule 319 CB1 PMtx--------------------------
 0.980;
Schedule 320 CB1 PMtx--------------------------
 0.980;
